Arguments: 
  /usr/local/Cellar/node/8.7.0/bin/node /usr/local/bin/yarn add react-native-elements

PATH: 
  /usr/local/bin:/usr/bin:/bin:/usr/sbin:/sbin

Yarn version: 
  1.5.1

Node version: 
  8.7.0

Platform: 
  darwin x64

npm manifest: 
  {
    "name": "fg-scorecard-frontend",
    "version": "0.0.1",
    "description": "OneMob Javascript Plugin",
    "scripts": {
      "start": "webpack-dev-server --mode=development",
      "build": "webpack --mode=production",
      "test": "jest --watch"
    },
    "author": "",
    "license": "ISC",
    "dependencies": {
      "npm": "^6.4.1",
      "react": "^16.4.2",
      "react-dom": "^16.4.2"
    },
    "devDependencies": {
      "@babel/core": "^7.0.0",
      "@babel/preset-env": "^7.0.0",
      "@babel/preset-react": "^7.0.0",
      "babel-core": "^7.0.0-bridge.0",
      "babel-eslint": "^9.0.0",
      "babel-jest": "^23.4.2",
      "babel-loader": "^8.0.0-beta.6",
      "css-loader": "^1.0.0",
      "eslint": "^5.4.0",
      "eslint-config-airbnb": "^17.1.0",
      "eslint-loader": "^2.1.0",
      "eslint-plugin-import": "^2.14.0",
      "eslint-plugin-jsx-a11y": "^6.1.1",
      "eslint-plugin-react": "^7.11.1",
      "html-webpack-plugin": "^3.2.0",
      "jest": "^23.5.0",
      "regenerator-runtime": "^0.12.1",
      "style-loader": "^0.23.0",
      "webpack": "^4.17.1",
      "webpack-cli": "^3.1.0",
      "webpack-dev-server": "^3.1.6"
    }
  }

yarn manifest: 
  No manifest

Lockfile: 
  No lockfile

Trace: 
  Error: Found incompatible module
      at new MessageError (/usr/local/lib/node_modules/yarn/lib/cli.js:186:110)
      at checkOne (/usr/local/lib/node_modules/yarn/lib/cli.js:62444:11)
      at Object.check (/usr/local/lib/node_modules/yarn/lib/cli.js:62463:5)
      at /usr/local/lib/node_modules/yarn/lib/cli.js:22803:73
      at Generator.next (<anonymous>)
      at step (/usr/local/lib/node_modules/yarn/lib/cli.js:98:30)
      at /usr/local/lib/node_modules/yarn/lib/cli.js:109:13
      at <anonymous>
